<?xml version="1.0" encoding="UTF-8"?>
<!-- Generated by org.testng.reporters.JUnitReportReporter -->
<testsuite skipped="0" hostname="LAPTOP-9RE4AH4T" name="New_Project.Mavan_Automation.APITest" tests="2" failures="0" timestamp="2021-07-03T13:13:21 IST" time="0.002" errors="0">
  <testcase name="apitest1" time="0.001" classname="New_Project.Mavan_Automation.APITest"/>
  <system-out/>
  <testcase name="apitest2" time="0.001" classname="New_Project.Mavan_Automation.APITest"/>
  <system-out/>
</testsuite> <!-- New_Project.Mavan_Automation.APITest -->
