<?xml version="1.0" encoding="UTF-8"?>
<!-- Generated by org.testng.reporters.JUnitReportReporter -->
<testsuite skipped="0" hostname="LAPTOP-9RE4AH4T" name="New_Project.Mavan_Automation.SeleniumTest" tests="2" failures="0" timestamp="2021-07-03T13:13:21 IST" time="0.004" errors="0">
  <testcase name="seleniumtest2" time="0.000" classname="New_Project.Mavan_Automation.SeleniumTest"/>
  <system-out/>
  <testcase name="seleniumtest1" time="0.004" classname="New_Project.Mavan_Automation.SeleniumTest"/>
  <system-out/>
</testsuite> <!-- New_Project.Mavan_Automation.SeleniumTest -->
